0 info it worked if it ends with ok
1 verbose cli [ 'node',
1 verbose cli   '/Users/ericsoco/.nvm/versions/node/v0.12.7/bin/npm',
1 verbose cli   'start' ]
2 info using npm@3.3.6
3 info using node@v0.12.7
4 verbose run-script [ 'prestart', 'start', 'poststart' ]
5 info lifecycle transmote-v4@0.0.1~prestart: transmote-v4@0.0.1
6 silly lifecycle transmote-v4@0.0.1~prestart: no script for prestart, continuing
7 info lifecycle transmote-v4@0.0.1~start: transmote-v4@0.0.1
8 verbose lifecycle transmote-v4@0.0.1~start: unsafe-perm in lifecycle true
9 verbose lifecycle transmote-v4@0.0.1~start: PATH: /Users/ericsoco/.nvm/versions/node/v0.12.7/lib/node_modules/npm/bin/node-gyp-bin:/Users/ericsoco/Documents/lab/transmoteV4.1/dev/transmoteV4/node_modules/.bin:/opt/local/bin:/opt/local/sbin:/Users/ericsoco/.nvm/versions/node/v0.12.7/bin:/usr/local/heroku/bin:/usr/local/git/bin:/usr/local/bin:/usr/local/bin:/usr/bin:/bin:/usr/sbin:/sbin:/opt/X11/bin:/usr/local/git/bin:/Applications/Android/SDK-r21/android-sdk-macosx/platform-tools:/Applications/Android/SDK-r21/android-sdk-macosx/tools
10 verbose lifecycle transmote-v4@0.0.1~start: CWD: /Users/ericsoco/Documents/lab/transmoteV4.1/dev/transmoteV4
11 silly lifecycle transmote-v4@0.0.1~start: Args: [ '-c', 'grunt' ]
12 silly lifecycle transmote-v4@0.0.1~start: Returned: code: 3  signal: null
13 info lifecycle transmote-v4@0.0.1~start: Failed to exec start script
14 verbose stack Error: transmote-v4@0.0.1 start: `grunt`
14 verbose stack Exit status 3
14 verbose stack     at EventEmitter.<anonymous> (/Users/ericsoco/.nvm/versions/node/v0.12.7/lib/node_modules/npm/lib/utils/lifecycle.js:233:16)
14 verbose stack     at EventEmitter.emit (events.js:110:17)
14 verbose stack     at ChildProcess.<anonymous> (/Users/ericsoco/.nvm/versions/node/v0.12.7/lib/node_modules/npm/lib/utils/spawn.js:24:14)
14 verbose stack     at ChildProcess.emit (events.js:110:17)
14 verbose stack     at maybeClose (child_process.js:1015:16)
14 verbose stack     at Process.ChildProcess._handle.onexit (child_process.js:1087:5)
15 verbose pkgid transmote-v4@0.0.1
16 verbose cwd /Users/ericsoco/Documents/lab/transmoteV4.1/dev/transmoteV4
17 error Darwin 14.5.0
18 error argv "node" "/Users/ericsoco/.nvm/versions/node/v0.12.7/bin/npm" "start"
19 error node v0.12.7
20 error npm  v3.3.6
21 error code ELIFECYCLE
22 error transmote-v4@0.0.1 start: `grunt`
22 error Exit status 3
23 error Failed at the transmote-v4@0.0.1 start script 'grunt'.
23 error This is most likely a problem with the transmote-v4 package,
23 error not with npm itself.
23 error Tell the author that this fails on your system:
23 error     grunt
23 error You can get their info via:
23 error     npm owner ls transmote-v4
23 error There is likely additional logging output above.
24 verbose exit [ 1, true ]
